<?xml version="1.0" encoding="UTF-8"?>
<!-- Generated by org.testng.reporters.JUnitReportReporter -->
<testsuite hostname="ip-172-31-70-54" name="tdd.PrimeNumTest" tests="2" failures="0" timestamp="10 Jul 2021 06:10:35 GMT" time="88.395" errors="0">
  <testcase name="NegativeTest" time="0.015" classname="tdd.PrimeNumTest"/>
  <testcase name="PositiveTest" time="88.380" classname="tdd.PrimeNumTest"/>
</testsuite> <!-- tdd.PrimeNumTest -->
